<?xml version="1.0" encoding="UTF-8"?>
<!-- Generated by org.testng.reporters.JUnitReportReporter -->
<testsuite hostname="DESKTOP-MA4U8VH" failures="0" tests="1" name="Tests.GoogleSearchTest" time="7.135" errors="0" timestamp="2023-10-06T10:06:39 ART" skipped="0">
  <testcase classname="Tests.GoogleSearchTest" name="TestSearchSuggestions" time="7.135"/>
  <system-out/>
</testsuite> <!-- Tests.GoogleSearchTest -->
