<?xml version="1.0" encoding="UTF-8"?>
<!-- Generated by org.testng.reporters.JUnitReportReporter -->
<testsuite hostname="DESKTOP-MA4U8VH" failures="0" tests="1" name="Tests.GoogleSearchBar" time="6.908" errors="0" timestamp="2023-10-06T11:36:12 ART" skipped="0">
  <testcase classname="Tests.GoogleSearchBar" name="TestSearchSuggestions" time="6.908"/>
  <system-out/>
</testsuite> <!-- Tests.GoogleSearchBar -->
