<?xml version="1.0" encoding="UTF-8"?>
<!-- Generated by org.testng.reporters.JUnitReportReporter -->
<testsuite hostname="DESKTOP-MA4U8VH" failures="0" tests="1" name="Tests.GoogleSearchBar" time="8.509" errors="0" timestamp="2023-10-20T10:26:08 ART" skipped="0">
  <testcase classname="Tests.GoogleSearchBar" name="TestSearchSuggestions" time="8.509"/>
  <system-out/>
</testsuite> <!-- Tests.GoogleSearchBar -->
